<?xml version="1.0" encoding="UTF-8"?>
<!-- Generated by org.testng.reporters.JUnitReportReporter -->
<testsuite hostname="DESKTOP-FUOP5L6" failures="0" tests="4" name="modularFramework.Modular" time="21.606" errors="0" timestamp="2024-11-19T14:18:57 IST" skipped="0">
  <testcase classname="modularFramework.Modular" name="invokeurl1" time="0.900"/>
  <testcase classname="modularFramework.Modular" name="addtocart" time="2.764"/>
  <testcase classname="modularFramework.Modular" name="login1" time="13.651"/>
  <testcase classname="modularFramework.Modular" name="checkout1" time="4.291"/>
</testsuite> <!-- modularFramework.Modular -->
