<?xml version="1.0" encoding="UTF-8"?>
<!-- Generated by org.testng.reporters.JUnitReportReporter -->
<testsuite hostname="DESKTOP-FUOP5L6" failures="0" tests="4" name="modularFramework.Modular" time="51.201" errors="0" timestamp="2024-11-19T15:05:40 IST" skipped="0">
  <testcase classname="modularFramework.Modular" name="invokeurl1" time="3.237"/>
  <testcase classname="modularFramework.Modular" name="addtocart" time="31.739"/>
  <testcase classname="modularFramework.Modular" name="login1" time="13.384"/>
  <testcase classname="modularFramework.Modular" name="checkout1" time="2.841"/>
</testsuite> <!-- modularFramework.Modular -->
